<?xml version="1.0" encoding="UTF-8"?>
<testsuite xmlns:xsi="http://www.w3.org/2001/XMLSchema-instance" xsi:noNamespaceSchemaLocation="https://maven.apache.org/surefire/maven-surefire-plugin/xsd/surefire-test-report.xsd" name="it.unipd.tos.UserTest" time="0.001" tests="4" errors="0" skipped="0" failures="0">
  <properties>
[...]
</properties>
  <testcase name="testGetUserName" classname="it.unipd.tos.UserTest" time="0"/>
  <testcase name="testUser" classname="it.unipd.tos.UserTest" time="0"/>
  <testcase name="testGetBirthDate" classname="it.unipd.tos.UserTest" time="0"/>
  <testcase name="testIsUnderage" classname="it.unipd.tos.UserTest" time="0"/>
</testsuite>